2019-01-16T13:21:38+00:00 INFO Array
(
    [Webhook Delivery] => Array
        (
            [Delivery ID] => c17a9b8cdb3a667b9dd3b8c50e4492f2
            [Date] => 16.01.2019 в 13:21
            [URL] => https://po365.ru/reciver.php
            [Duration] => 0.28703
            [Request] => Array
                (
                    [Method] => POST
                    [Headers] => Array
                        (
                            [User-Agent] => WooCommerce/3.5.3 Hookshot (WordPress/5.0.3)
                            [Content-Type] => application/json
                            [X-WC-Webhook-Source] => https://beta.rollbox.su/
                            [X-WC-Webhook-Topic] => order.updated
                            [X-WC-Webhook-Resource] => order
                            [X-WC-Webhook-Event] => updated
                            [X-WC-Webhook-Signature] => YOQ4eHu3+3qWGd1EksgZymc7Ixg1p7QpPi51Yj8A4oA=
                            [X-WC-Webhook-ID] => 1
                            [X-WC-Webhook-Delivery-ID] => c17a9b8cdb3a667b9dd3b8c50e4492f2
                        )

                )

            [Body] => {\"id\":139,\"parent_id\":0,\"number\":\"139\",\"order_key\":\"wc_order_5c356c5a73d2d\",\"created_via\":\"checkout\",\"version\":\"3.5.3\",\"status\":\"completed\",\"currency\":\"RUB\",\"date_created\":\"2019-01-09T13:36:58\",\"date_created_gmt\":\"2019-01-09T03:36:58\",\"date_modified\":\"2019-01-16T23:21:10\",\"date_modified_gmt\":\"2019-01-16T13:21:10\",\"discount_total\":\"11.00\",\"discount_tax\":\"0.00\",\"shipping_total\":\"0.00\",\"shipping_tax\":\"0.00\",\"cart_tax\":\"0.00\",\"total\":\"148.00\",\"total_tax\":\"0.00\",\"prices_include_tax\":false,\"customer_id\":4,\"customer_ip_address\":\"178.218.111.77\",\"customer_user_agent\":\"Mozilla\\/5.0 (Windows NT 6.1; Win64; x64; rv:64.0) Gecko\\/20100101 Firefox\\/64.0\",\"customer_note\":\"\",\"billing\":{\"first_name\":\"\\u043a\\u043e\\u0441\\u0442\\u044f\",\"last_name\":\"\",\"company\":\"\",\"address_1\":\"\\u044f \\u0432\\u0432\\u0451\\u043b \\u0430\\u0434\\u0440\\u0435\\u0441 \\u044c\",\"address_2\":\"\",\"city\":\"\",\"state\":\"\",\"postcode\":\"\",\"country\":\"RU\",\"email\":\"knastnt@yandex.ru\",\"phone\":\"89243071504\"},\"shipping\":{\"first_name\":\"\\u043a\\u043e\\u0441\\u0442\\u044f\",\"last_name\":\"\",\"company\":\"\",\"address_1\":\"\\u044f \\u0432\\u0432\\u0451\\u043b \\u0430\\u0434\\u0440\\u0435\\u0441 \\u044c\",\"address_2\":\"\",\"city\":\"\",\"state\":\"\",\"postcode\":\"\",\"country\":\"RU\"},\"payment_method\":\"cod\",\"payment_method_title\":\"\\u041e\\u043f\\u043b\\u0430\\u0442\\u0430 \\u043f\\u0440\\u0438 \\u0434\\u043e\\u0441\\u0442\\u0430\\u0432\\u043a\\u0435\",\"transaction_id\":\"\",\"date_paid\":\"2019-01-16T23:21:10\",\"date_paid_gmt\":\"2019-01-16T13:21:10\",\"date_completed\":\"2019-01-16T23:21:10\",\"date_completed_gmt\":\"2019-01-16T13:21:10\",\"cart_hash\":\"781070beb74a68bb32bbaf5d7d963172\",\"meta_data\":[{\"id\":2057,\"key\":\"_wcpdf_invoice_settings\",\"value\":{\"enabled\":\"1\",\"attach_to_email_ids\":{\"customer_completed_order\":\"1\",\"wc_order_status_email_131\":\"1\"},\"display_shipping_address\":\"1\",\"display_email\":\"1\",\"display_phone\":\"1\",\"display_date\":\"invoice_date\",\"display_number\":\"invoice_number\",\"number_format\":{\"prefix\":\"\",\"suffix\":\"\",\"padding\":\"\"},\"my_account_buttons\":\"custom\",\"my_account_restrict\":{\"cooking\":\"1\",\"ready-delivery\":\"1\",\"ready-self-out\":\"1\",\"completed\":\"1\"},\"paper_size\":\"a4\",\"font_subsetting\":false,\"header_logo\":\"\",\"shop_name\":{\"default\":\"Roll Box\"},\"shop_address\":{\"default\":\"\\u043f\\u0440.\\u041c\\u0438\\u0440\\u0430, 29\"},\"footer\":\"\",\"extra_1\":\"\",\"extra_2\":\"\",\"extra_3\":\"\"}},{\"id\":2058,\"key\":\"_wcpdf_invoice_date\",\"value\":\"1547015831\"},{\"id\":2059,\"key\":\"_wcpdf_invoice_date_formatted\",\"value\":\"2019-01-09 16:37:11\"},{\"id\":2060,\"key\":\"_wcpdf_invoice_number\",\"value\":\"19\"},{\"id\":2061,\"key\":\"_wcpdf_invoice_number_data\",\"value\":{\"number\":19,\"formatted_number\":\"19\",\"prefix\":\"\",\"suffix\":\"\",\"document_type\":\"invoice\",\"order_id\":139,\"padding\":\"\"}}],\"line_items\":[{\"id\":59,\"name\":\"\\u0421\\u043f\\u0430\\u0439\\u0441\\u0438 \\u0440\\u043e\\u043b\\u043b \\u0441 \\u0433\\u0440\\u0435\\u0431\\u0435\\u0448\\u043a\\u043e\\u043c\",\"product_id\":25,\"variation_id\":0,\"quantity\":1,\"tax_class\":\"\",\"subtotal\":\"159.00\",\"subtotal_tax\":\"0.00\",\"total\":\"148.00\",\"total_tax\":\"0.00\",\"taxes\":[],\"meta_data\":[],\"sku\":\"\",\"price\":148}],\"tax_lines\":[],\"shipping_lines\":[{\"id\":60,\"method_title\":\"\\u0421\\u0430\\u043c\\u043e\\u0432\\u044b\\u0432\\u043e\\u0437\",\"method_id\":\"local_pickup\",\"instance_id\":\"5\",\"total\":\"0.00\",\"total_tax\":\"0.00\",\"taxes\":[],\"meta_data\":[{\"id\":437,\"key\":\"\\u041f\\u043e\\u0437\\u0438\\u0446\\u0438\\u0438\",\"value\":\"\\u0421\\u043f\\u0430\\u0439\\u0441\\u0438 \\u0440\\u043e\\u043b\\u043b \\u0441 \\u0433\\u0440\\u0435\\u0431\\u0435\\u0448\\u043a\\u043e\\u043c &times; 1\"}]}],\"fee_lines\":[],\"coupon_lines\":[{\"id\":61,\"code\":\"vypzb32ahzlp\",\"discount\":\"6\",\"discount_tax\":\"0\",\"meta_data\":[{\"id\":440,\"key\":\"coupon_data\",\"value\":{\"id\":103,\"code\":\"vypzb32ahzlp\",\"amount\":\"6.00\",\"date_created\":{\"date\":\"2019-01-07 13:35:47.000000\",\"timezone_type\":1,\"timezone\":\"+00:00\"},\"date_modified\":{\"date\":\"2019-01-07 13:35:47.000000\",\"timezone_type\":1,\"timezone\":\"+00:00\"},\"date_expires\":null,\"discount_type\":\"fixed_cart\",\"description\":\"Generated by knastnt\",\"usage_count\":0,\"individual_use\":false,\"product_ids\":[],\"excluded_product_ids\":[],\"usage_limit\":1,\"usage_limit_per_user\":1,\"limit_usage_to_x_items\":null,\"free_shipping\":false,\"product_categories\":[],\"excluded_product_categories\":[],\"exclude_sale_items\":false,\"minimum_amount\":\"\",\"maximum_amount\":\"\",\"email_restrictions\":[\"knastnt@yandex.ru\"],\"virtual\":false,\"meta_data\":[{\"id\":1348,\"key\":\"apply_before_tax\",\"value\":\"yes\"}]}}]},{\"id\":62,\"code\":\"svowzzxmopqh\",\"discount\":\"5\",\"discount_tax\":\"0\",\"meta_data\":[{\"id\":443,\"key\":\"coupon_data\",\"value\":{\"id\":102,\"code\":\"svowzzxmopqh\",\"amount\":\"5.00\",\"date_created\":{\"date\":\"2019-01-07 13:34:44.000000\",\"timezone_type\":1,\"timezone\":\"+00:00\"},\"date_modified\":{\"date\":\"2019-01-07 13:34:44.000000\",\"timezone_type\":1,\"timezone\":\"+00:00\"},\"date_expires\":null,\"discount_type\":\"fixed_cart\",\"description\":\"Generated by knastnt\",\"usage_count\":0,\"individual_use\":false,\"product_ids\":[],\"excluded_product_ids\":[],\"usage_limit\":1,\"usage_limit_per_user\":1,\"limit_usage_to_x_items\":null,\"free_shipping\":false,\"product_categories\":[],\"excluded_product_categories\":[],\"exclude_sale_items\":false,\"minimum_amount\":\"\",\"maximum_amount\":\"\",\"email_restrictions\":[\"knastnt@yandex.ru\"],\"virtual\":false,\"meta_data\":[{\"id\":1331,\"key\":\"apply_before_tax\",\"value\":\"yes\"}]}}]}],\"refunds\":[]}
            [Response] => Array
                (
                    [Code] => 200
                    [Message] => OK
                    [Headers] => Requests_Utility_CaseInsensitiveDictionary Object
                        (
                            [data:protected] => Array
                                (
                                    [server] => nginx/1.12.2
                                    [date] => Wed, 16 Jan 2019 13:21:38 GMT
                                    [content-type] => text/html; charset=UTF-8
                                    [x-powered-by] => PHP/7.2.14
                                )

                        )

                    [Body] => look at <a href="/reciver.txt">po365.ru/reciver.txt</a>
                )

        )

)

2019-01-16T13:23:39+00:00 INFO Array
(
    [Webhook Delivery] => Array
        (
            [Delivery ID] => 0cffe872574611771a4b68027701c67f
            [Date] => 16.01.2019 в 13:23
            [URL] => https://po365.ru/reciver.php
            [Duration] => 0.23902
            [Request] => Array
                (
                    [Method] => POST
                    [Headers] => Array
                        (
                            [User-Agent] => WooCommerce/3.5.3 Hookshot (WordPress/5.0.3)
                            [Content-Type] => application/json
                            [X-WC-Webhook-Source] => https://beta.rollbox.su/
                            [X-WC-Webhook-Topic] => order.updated
                            [X-WC-Webhook-Resource] => order
                            [X-WC-Webhook-Event] => updated
                            [X-WC-Webhook-Signature] => xRSME4cfOggB0ORKm0d3HhIhApP4iAq1onRdSeySPzE=
                            [X-WC-Webhook-ID] => 1
                            [X-WC-Webhook-Delivery-ID] => 0cffe872574611771a4b68027701c67f
                        )

                )

            [Body] => {\"id\":140,\"parent_id\":0,\"number\":\"140\",\"order_key\":\"wc_order_5c35a02f7701e\",\"created_via\":\"checkout\",\"version\":\"3.5.3\",\"status\":\"ready-self-out\",\"currency\":\"RUB\",\"date_created\":\"2019-01-09T17:18:07\",\"date_created_gmt\":\"2019-01-09T07:18:07\",\"date_modified\":\"2019-01-16T23:23:00\",\"date_modified_gmt\":\"2019-01-16T13:23:00\",\"discount_total\":\"0.00\",\"discount_tax\":\"0.00\",\"shipping_total\":\"0.00\",\"shipping_tax\":\"0.00\",\"cart_tax\":\"0.00\",\"total\":\"159.00\",\"total_tax\":\"0.00\",\"prices_include_tax\":false,\"customer_id\":4,\"customer_ip_address\":\"127.0.0.1\",\"customer_user_agent\":\"Mozilla\\/5.0 (Windows NT 6.1; Win64; x64; rv:64.0) Gecko\\/20100101 Firefox\\/64.0\",\"customer_note\":\"\",\"billing\":{\"first_name\":\"\\u043a\\u043e\\u0441\\u0442\\u044f\",\"last_name\":\"\",\"company\":\"\",\"address_1\":\"\\u044f \\u0432\\u0432\\u0451\\u043b \\u0430\\u0434\\u0440\\u0435\\u0441 \\u044c\",\"address_2\":\"\",\"city\":\"\",\"state\":\"\",\"postcode\":\"\",\"country\":\"RU\",\"email\":\"knastnt@yandex.ru\",\"phone\":\"89243071504\"},\"shipping\":{\"first_name\":\"\\u043a\\u043e\\u0441\\u0442\\u044f\",\"last_name\":\"\",\"company\":\"\",\"address_1\":\"\\u044f \\u0432\\u0432\\u0451\\u043b \\u0430\\u0434\\u0440\\u0435\\u0441 \\u044c\",\"address_2\":\"\",\"city\":\"\",\"state\":\"\",\"postcode\":\"\",\"country\":\"RU\"},\"payment_method\":\"cod\",\"payment_method_title\":\"\\u041e\\u043f\\u043b\\u0430\\u0442\\u0430 \\u043f\\u0440\\u0438 \\u0434\\u043e\\u0441\\u0442\\u0430\\u0432\\u043a\\u0435\",\"transaction_id\":\"\",\"date_paid\":null,\"date_paid_gmt\":null,\"date_completed\":null,\"date_completed_gmt\":null,\"cart_hash\":\"75e0cf8f41efa78bcd1ada84540695ba\",\"meta_data\":[{\"id\":2110,\"key\":\"_wcpdf_invoice_settings\",\"value\":{\"enabled\":\"1\",\"attach_to_email_ids\":{\"customer_completed_order\":\"1\",\"wc_order_status_email_131\":\"1\"},\"display_shipping_address\":\"1\",\"display_email\":\"1\",\"display_phone\":\"1\",\"display_date\":\"invoice_date\",\"display_number\":\"invoice_number\",\"number_format\":{\"prefix\":\"\",\"suffix\":\"\",\"padding\":\"\"},\"my_account_buttons\":\"custom\",\"my_account_restrict\":{\"cooking\":\"1\",\"ready-delivery\":\"1\",\"ready-self-out\":\"1\",\"completed\":\"1\"},\"paper_size\":\"a4\",\"font_subsetting\":false,\"header_logo\":\"\",\"shop_name\":{\"default\":\"Roll Box\"},\"shop_address\":{\"default\":\"\\u043f\\u0440.\\u041c\\u0438\\u0440\\u0430, 29\"},\"footer\":\"\",\"extra_1\":\"\",\"extra_2\":\"\",\"extra_3\":\"\"}},{\"id\":2111,\"key\":\"_wcpdf_invoice_date\",\"value\":\"1547018410\"},{\"id\":2112,\"key\":\"_wcpdf_invoice_date_formatted\",\"value\":\"2019-01-09 17:20:10\"},{\"id\":2113,\"key\":\"_wcpdf_invoice_number\",\"value\":\"20\"},{\"id\":2114,\"key\":\"_wcpdf_invoice_number_data\",\"value\":{\"number\":20,\"formatted_number\":\"20\",\"prefix\":\"\",\"suffix\":\"\",\"document_type\":\"invoice\",\"order_id\":140,\"padding\":\"\"}}],\"line_items\":[{\"id\":63,\"name\":\"\\u0420\\u043e\\u043b\\u043b \\u0441 \\u0443\\u0433\\u0440\\u0435\\u043c\",\"product_id\":13,\"variation_id\":0,\"quantity\":1,\"tax_class\":\"\",\"subtotal\":\"159.00\",\"subtotal_tax\":\"0.00\",\"total\":\"159.00\",\"total_tax\":\"0.00\",\"taxes\":[],\"meta_data\":[],\"sku\":\"\",\"price\":159}],\"tax_lines\":[],\"shipping_lines\":[{\"id\":64,\"method_title\":\"\\u0421\\u0430\\u043c\\u043e\\u0432\\u044b\\u0432\\u043e\\u0437\",\"method_id\":\"local_pickup\",\"instance_id\":\"5\",\"total\":\"0.00\",\"total_tax\":\"0.00\",\"taxes\":[],\"meta_data\":[{\"id\":458,\"key\":\"\\u041f\\u043e\\u0437\\u0438\\u0446\\u0438\\u0438\",\"value\":\"\\u0420\\u043e\\u043b\\u043b \\u0441 \\u0443\\u0433\\u0440\\u0435\\u043c &times; 1\"}]}],\"fee_lines\":[],\"coupon_lines\":[],\"refunds\":[]}
            [Response] => Array
                (
                    [Code] => 200
                    [Message] => OK
                    [Headers] => Requests_Utility_CaseInsensitiveDictionary Object
                        (
                            [data:protected] => Array
                                (
                                    [server] => nginx/1.12.2
                                    [date] => Wed, 16 Jan 2019 13:23:39 GMT
                                    [content-type] => text/html; charset=UTF-8
                                    [x-powered-by] => PHP/7.2.14
                                )

                        )

                    [Body] => look at <a href="/reciver.txt">po365.ru/reciver.txt</a>
                )

        )

)

2019-01-16T13:24:29+00:00 INFO Array
(
    [Webhook Delivery] => Array
        (
            [Delivery ID] => 0928aa9a77852b52ea0db05f3644eada
            [Date] => 16.01.2019 в 13:24
            [URL] => https://po365.ru/reciver.php
            [Duration] => 0.25202
            [Request] => Array
                (
                    [Method] => POST
                    [Headers] => Array
                        (
                            [User-Agent] => WooCommerce/3.5.3 Hookshot (WordPress/5.0.3)
                            [Content-Type] => application/json
                            [X-WC-Webhook-Source] => https://beta.rollbox.su/
                            [X-WC-Webhook-Topic] => order.updated
                            [X-WC-Webhook-Resource] => order
                            [X-WC-Webhook-Event] => updated
                            [X-WC-Webhook-Signature] => FxHwR4zWdWQQ6Km7Am7r0WMkwYYu1Y+61AYwgau23TU=
                            [X-WC-Webhook-ID] => 1
                            [X-WC-Webhook-Delivery-ID] => 0928aa9a77852b52ea0db05f3644eada
                        )

                )

            [Body] => {\"id\":150,\"parent_id\":0,\"number\":\"150\",\"order_key\":\"wc_order_5c39f451dbfb9\",\"created_via\":\"checkout\",\"version\":\"3.5.3\",\"status\":\"ready-delivery\",\"currency\":\"RUB\",\"date_created\":\"2019-01-13T00:06:09\",\"date_created_gmt\":\"2019-01-12T14:06:09\",\"date_modified\":\"2019-01-16T23:24:18\",\"date_modified_gmt\":\"2019-01-16T13:24:18\",\"discount_total\":\"0.00\",\"discount_tax\":\"0.00\",\"shipping_total\":\"0.00\",\"shipping_tax\":\"0.00\",\"cart_tax\":\"0.00\",\"total\":\"4463.00\",\"total_tax\":\"0.00\",\"prices_include_tax\":false,\"customer_id\":4,\"customer_ip_address\":\"127.0.0.1\",\"customer_user_agent\":\"Mozilla\\/5.0 (Windows NT 6.1; Win64; x64; rv:64.0) Gecko\\/20100101 Firefox\\/64.0\",\"customer_note\":\"\",\"billing\":{\"first_name\":\"\\u043a\\u043e\\u0441\\u0442\\u044f\",\"last_name\":\"\",\"company\":\"\",\"address_1\":\"\\u043f\\u0435\\u0440\\u0432\\u043e\\u0441\\u0442\\u0440\\u043e\\u0438\\u0442\\u0435\\u043b\\u0435\\u0439 18, 9\",\"address_2\":\"\",\"city\":\"\",\"state\":\"\",\"postcode\":\"\",\"country\":\"RU\",\"email\":\"knastnt@yandex.ru\",\"phone\":\"89243071504\"},\"shipping\":{\"first_name\":\"\\u043a\\u043e\\u0441\\u0442\\u044f\",\"last_name\":\"\",\"company\":\"\",\"address_1\":\"\\u043f\\u0435\\u0440\\u0432\\u043e\\u0441\\u0442\\u0440\\u043e\\u0438\\u0442\\u0435\\u043b\\u0435\\u0439 18, 9\",\"address_2\":\"\",\"city\":\"\",\"state\":\"\",\"postcode\":\"\",\"country\":\"RU\"},\"payment_method\":\"cod\",\"payment_method_title\":\"\\u041e\\u043f\\u043b\\u0430\\u0442\\u0430 \\u043f\\u0440\\u0438 \\u0434\\u043e\\u0441\\u0442\\u0430\\u0432\\u043a\\u0435\",\"transaction_id\":\"\",\"date_paid\":null,\"date_paid_gmt\":null,\"date_completed\":null,\"date_completed_gmt\":null,\"cart_hash\":\"6ebebc924d6a0986c695c0a559a43f2d\",\"meta_data\":[{\"id\":2537,\"key\":\"_wcpdf_invoice_settings\",\"value\":{\"enabled\":\"1\",\"attach_to_email_ids\":{\"customer_completed_order\":\"1\",\"wc_order_status_email_131\":\"1\"},\"display_shipping_address\":\"1\",\"display_email\":\"1\",\"display_phone\":\"1\",\"display_date\":\"invoice_date\",\"display_number\":\"invoice_number\",\"number_format\":{\"prefix\":\"\",\"suffix\":\"\",\"padding\":\"\"},\"my_account_buttons\":\"custom\",\"my_account_restrict\":{\"cooking\":\"1\",\"ready-delivery\":\"1\",\"ready-self-out\":\"1\",\"completed\":\"1\"},\"paper_size\":\"a4\",\"font_subsetting\":false,\"header_logo\":\"\",\"shop_name\":{\"default\":\"Roll Box\"},\"shop_address\":{\"default\":\"\\u043f\\u0440.\\u041c\\u0438\\u0440\\u0430, 29\"},\"footer\":\"\",\"extra_1\":\"\",\"extra_2\":\"\",\"extra_3\":\"\"}},{\"id\":2538,\"key\":\"_wcpdf_invoice_date\",\"value\":\"1547302098\"},{\"id\":2539,\"key\":\"_wcpdf_invoice_date_formatted\",\"value\":\"2019-01-13 00:08:18\"},{\"id\":2540,\"key\":\"_wcpdf_invoice_number\",\"value\":\"23\"},{\"id\":2541,\"key\":\"_wcpdf_invoice_number_data\",\"value\":{\"number\":23,\"formatted_number\":\"23\",\"prefix\":\"\",\"suffix\":\"\",\"document_type\":\"invoice\",\"order_id\":150,\"padding\":\"\"}}],\"line_items\":[{\"id\":78,\"name\":\"\\u0423\\u0433\\u043e\\u0440\\u044c \\u0432 \\u043c\\u0430\\u0441\\u0430\\u0433\\u043e - \\u0441\\u0430\\u043d\\u0434\\u0430\\u0440\\u0442\\u043d\\u044b\\u0439\",\"product_id\":18,\"variation_id\":145,\"quantity\":1,\"tax_class\":\"\",\"subtotal\":\"170.00\",\"subtotal_tax\":\"0.00\",\"total\":\"170.00\",\"total_tax\":\"0.00\",\"taxes\":[],\"meta_data\":[{\"id\":576,\"key\":\"pa_sous\",\"value\":\"sandartnyj\"}],\"sku\":\"\",\"price\":170},{\"id\":80,\"name\":\"\\u0421\\u043f\\u0430\\u0439\\u0441\\u0438 \\u0440\\u043e\\u043b\\u043b \\u0441 \\u0433\\u0440\\u0435\\u0431\\u0435\\u0448\\u043a\\u043e\\u043c\",\"product_id\":25,\"variation_id\":0,\"quantity\":27,\"tax_class\":\"\",\"subtotal\":\"4293.00\",\"subtotal_tax\":\"0.00\",\"total\":\"4293.00\",\"total_tax\":\"0.00\",\"taxes\":[],\"meta_data\":[],\"sku\":\"\",\"price\":159}],\"tax_lines\":[],\"shipping_lines\":[{\"id\":79,\"method_title\":\"\\u0417\\u0430 \\u0433\\u043e\\u0440\\u043e\\u0434\",\"method_id\":\"free_shipping\",\"instance_id\":\"6\",\"total\":\"0.00\",\"total_tax\":\"0.00\",\"taxes\":[],\"meta_data\":[{\"id\":582,\"key\":\"\\u041f\\u043e\\u0437\\u0438\\u0446\\u0438\\u0438\",\"value\":\"\\u0423\\u0433\\u043e\\u0440\\u044c \\u0432 \\u043c\\u0430\\u0441\\u0430\\u0433\\u043e - \\u0441\\u0430\\u043d\\u0434\\u0430\\u0440\\u0442\\u043d\\u044b\\u0439 &times; 1\"}]}],\"fee_lines\":[],\"coupon_lines\":[],\"refunds\":[]}
            [Response] => Array
                (
                    [Code] => 200
                    [Message] => OK
                    [Headers] => Requests_Utility_CaseInsensitiveDictionary Object
                        (
                            [data:protected] => Array
                                (
                                    [server] => nginx/1.12.2
                                    [date] => Wed, 16 Jan 2019 13:24:29 GMT
                                    [content-type] => text/html; charset=UTF-8
                                    [x-powered-by] => PHP/7.2.14
                                )

                        )

                    [Body] => look at <a href="/reciver.txt">po365.ru/reciver.txt</a>
                )

        )

)

2019-01-16T13:26:40+00:00 INFO Array
(
    [Webhook Delivery] => Array
        (
            [Delivery ID] => ee532fbb8b24b702dc0a88fce4afc22b
            [Date] => 16.01.2019 в 13:26
            [URL] => https://po365.ru/reciver.php
            [Duration] => 0.29003
            [Request] => Array
                (
                    [Method] => POST
                    [Headers] => Array
                        (
                            [User-Agent] => WooCommerce/3.5.3 Hookshot (WordPress/5.0.3)
                            [Content-Type] => application/json
                            [X-WC-Webhook-Source] => https://beta.rollbox.su/
                            [X-WC-Webhook-Topic] => order.updated
                            [X-WC-Webhook-Resource] => order
                            [X-WC-Webhook-Event] => updated
                            [X-WC-Webhook-Signature] => NCzHF6TAURGgZ/pPnBEfGG8/sPWLb0XISr4W51Xs8+4=
                            [X-WC-Webhook-ID] => 1
                            [X-WC-Webhook-Delivery-ID] => ee532fbb8b24b702dc0a88fce4afc22b
                        )

                )

            [Body] => {\"id\":150,\"parent_id\":0,\"number\":\"150\",\"order_key\":\"wc_order_5c39f451dbfb9\",\"created_via\":\"checkout\",\"version\":\"3.5.3\",\"status\":\"completed\",\"currency\":\"RUB\",\"date_created\":\"2019-01-13T00:06:09\",\"date_created_gmt\":\"2019-01-12T14:06:09\",\"date_modified\":\"2019-01-16T23:26:09\",\"date_modified_gmt\":\"2019-01-16T13:26:09\",\"discount_total\":\"0.00\",\"discount_tax\":\"0.00\",\"shipping_total\":\"0.00\",\"shipping_tax\":\"0.00\",\"cart_tax\":\"0.00\",\"total\":\"4463.00\",\"total_tax\":\"0.00\",\"prices_include_tax\":false,\"customer_id\":4,\"customer_ip_address\":\"127.0.0.1\",\"customer_user_agent\":\"Mozilla\\/5.0 (Windows NT 6.1; Win64; x64; rv:64.0) Gecko\\/20100101 Firefox\\/64.0\",\"customer_note\":\"\",\"billing\":{\"first_name\":\"\\u043a\\u043e\\u0441\\u0442\\u044f\",\"last_name\":\"\",\"company\":\"\",\"address_1\":\"\\u043f\\u0435\\u0440\\u0432\\u043e\\u0441\\u0442\\u0440\\u043e\\u0438\\u0442\\u0435\\u043b\\u0435\\u0439 18, 9\",\"address_2\":\"\",\"city\":\"\",\"state\":\"\",\"postcode\":\"\",\"country\":\"RU\",\"email\":\"knastnt@yandex.ru\",\"phone\":\"89243071504\"},\"shipping\":{\"first_name\":\"\\u043a\\u043e\\u0441\\u0442\\u044f\",\"last_name\":\"\",\"company\":\"\",\"address_1\":\"\\u043f\\u0435\\u0440\\u0432\\u043e\\u0441\\u0442\\u0440\\u043e\\u0438\\u0442\\u0435\\u043b\\u0435\\u0439 18, 9\",\"address_2\":\"\",\"city\":\"\",\"state\":\"\",\"postcode\":\"\",\"country\":\"RU\"},\"payment_method\":\"cod\",\"payment_method_title\":\"\\u041e\\u043f\\u043b\\u0430\\u0442\\u0430 \\u043f\\u0440\\u0438 \\u0434\\u043e\\u0441\\u0442\\u0430\\u0432\\u043a\\u0435\",\"transaction_id\":\"\",\"date_paid\":\"2019-01-16T23:26:09\",\"date_paid_gmt\":\"2019-01-16T13:26:09\",\"date_completed\":\"2019-01-16T23:26:09\",\"date_completed_gmt\":\"2019-01-16T13:26:09\",\"cart_hash\":\"6ebebc924d6a0986c695c0a559a43f2d\",\"meta_data\":[{\"id\":2537,\"key\":\"_wcpdf_invoice_settings\",\"value\":{\"enabled\":\"1\",\"attach_to_email_ids\":{\"customer_completed_order\":\"1\",\"wc_order_status_email_131\":\"1\"},\"display_shipping_address\":\"1\",\"display_email\":\"1\",\"display_phone\":\"1\",\"display_date\":\"invoice_date\",\"display_number\":\"invoice_number\",\"number_format\":{\"prefix\":\"\",\"suffix\":\"\",\"padding\":\"\"},\"my_account_buttons\":\"custom\",\"my_account_restrict\":{\"cooking\":\"1\",\"ready-delivery\":\"1\",\"ready-self-out\":\"1\",\"completed\":\"1\"},\"paper_size\":\"a4\",\"font_subsetting\":false,\"header_logo\":\"\",\"shop_name\":{\"default\":\"Roll Box\"},\"shop_address\":{\"default\":\"\\u043f\\u0440.\\u041c\\u0438\\u0440\\u0430, 29\"},\"footer\":\"\",\"extra_1\":\"\",\"extra_2\":\"\",\"extra_3\":\"\"}},{\"id\":2538,\"key\":\"_wcpdf_invoice_date\",\"value\":\"1547302098\"},{\"id\":2539,\"key\":\"_wcpdf_invoice_date_formatted\",\"value\":\"2019-01-13 00:08:18\"},{\"id\":2540,\"key\":\"_wcpdf_invoice_number\",\"value\":\"23\"},{\"id\":2541,\"key\":\"_wcpdf_invoice_number_data\",\"value\":{\"number\":23,\"formatted_number\":\"23\",\"prefix\":\"\",\"suffix\":\"\",\"document_type\":\"invoice\",\"order_id\":150,\"padding\":\"\"}}],\"line_items\":[{\"id\":78,\"name\":\"\\u0423\\u0433\\u043e\\u0440\\u044c \\u0432 \\u043c\\u0430\\u0441\\u0430\\u0433\\u043e - \\u0441\\u0430\\u043d\\u0434\\u0430\\u0440\\u0442\\u043d\\u044b\\u0439\",\"product_id\":18,\"variation_id\":145,\"quantity\":1,\"tax_class\":\"\",\"subtotal\":\"170.00\",\"subtotal_tax\":\"0.00\",\"total\":\"170.00\",\"total_tax\":\"0.00\",\"taxes\":[],\"meta_data\":[{\"id\":576,\"key\":\"pa_sous\",\"value\":\"sandartnyj\"}],\"sku\":\"\",\"price\":170},{\"id\":80,\"name\":\"\\u0421\\u043f\\u0430\\u0439\\u0441\\u0438 \\u0440\\u043e\\u043b\\u043b \\u0441 \\u0433\\u0440\\u0435\\u0431\\u0435\\u0448\\u043a\\u043e\\u043c\",\"product_id\":25,\"variation_id\":0,\"quantity\":27,\"tax_class\":\"\",\"subtotal\":\"4293.00\",\"subtotal_tax\":\"0.00\",\"total\":\"4293.00\",\"total_tax\":\"0.00\",\"taxes\":[],\"meta_data\":[],\"sku\":\"\",\"price\":159}],\"tax_lines\":[],\"shipping_lines\":[{\"id\":79,\"method_title\":\"\\u0417\\u0430 \\u0433\\u043e\\u0440\\u043e\\u0434\",\"method_id\":\"free_shipping\",\"instance_id\":\"6\",\"total\":\"0.00\",\"total_tax\":\"0.00\",\"taxes\":[],\"meta_data\":[{\"id\":582,\"key\":\"\\u041f\\u043e\\u0437\\u0438\\u0446\\u0438\\u0438\",\"value\":\"\\u0423\\u0433\\u043e\\u0440\\u044c \\u0432 \\u043c\\u0430\\u0441\\u0430\\u0433\\u043e - \\u0441\\u0430\\u043d\\u0434\\u0430\\u0440\\u0442\\u043d\\u044b\\u0439 &times; 1\"}]}],\"fee_lines\":[],\"coupon_lines\":[],\"refunds\":[]}
            [Response] => Array
                (
                    [Code] => 200
                    [Message] => OK
                    [Headers] => Requests_Utility_CaseInsensitiveDictionary Object
                        (
                            [data:protected] => Array
                                (
                                    [server] => nginx/1.12.2
                                    [date] => Wed, 16 Jan 2019 13:26:40 GMT
                                    [content-type] => text/html; charset=UTF-8
                                    [x-powered-by] => PHP/7.2.14
                                )

                        )

                    [Body] => look at <a href="/reciver.txt">po365.ru/reciver.txt</a>
                )

        )

)

2019-01-16T13:29:36+00:00 INFO Array
(
    [Webhook Delivery] => Array
        (
            [Delivery ID] => 349cf66b1a57b4285f1b846fe614ae56
            [Date] => 16.01.2019 в 13:29
            [URL] => https://po365.ru/reciver.php
            [Duration] => 0.26503
            [Request] => Array
                (
                    [Method] => POST
                    [Headers] => Array
                        (
                            [User-Agent] => WooCommerce/3.5.3 Hookshot (WordPress/5.0.3)
                            [Content-Type] => application/json
                            [X-WC-Webhook-Source] => https://beta.rollbox.su/
                            [X-WC-Webhook-Topic] => order.updated
                            [X-WC-Webhook-Resource] => order
                            [X-WC-Webhook-Event] => updated
                            [X-WC-Webhook-Signature] => VZAMTEDH0eGJmsjPYK7NcQuU9mOAXFldho9o/WmTCiI=
                            [X-WC-Webhook-ID] => 1
                            [X-WC-Webhook-Delivery-ID] => 349cf66b1a57b4285f1b846fe614ae56
                        )

                )

            [Body] => {\"id\":140,\"parent_id\":0,\"number\":\"140\",\"order_key\":\"wc_order_5c35a02f7701e\",\"created_via\":\"checkout\",\"version\":\"3.5.3\",\"status\":\"completed\",\"currency\":\"RUB\",\"date_created\":\"2019-01-09T17:18:07\",\"date_created_gmt\":\"2019-01-09T07:18:07\",\"date_modified\":\"2019-01-16T23:29:26\",\"date_modified_gmt\":\"2019-01-16T13:29:26\",\"discount_total\":\"0.00\",\"discount_tax\":\"0.00\",\"shipping_total\":\"0.00\",\"shipping_tax\":\"0.00\",\"cart_tax\":\"0.00\",\"total\":\"159.00\",\"total_tax\":\"0.00\",\"prices_include_tax\":false,\"customer_id\":4,\"customer_ip_address\":\"127.0.0.1\",\"customer_user_agent\":\"Mozilla\\/5.0 (Windows NT 6.1; Win64; x64; rv:64.0) Gecko\\/20100101 Firefox\\/64.0\",\"customer_note\":\"\",\"billing\":{\"first_name\":\"\\u043a\\u043e\\u0441\\u0442\\u044f\",\"last_name\":\"\",\"company\":\"\",\"address_1\":\"\\u044f \\u0432\\u0432\\u0451\\u043b \\u0430\\u0434\\u0440\\u0435\\u0441 \\u044c\",\"address_2\":\"\",\"city\":\"\",\"state\":\"\",\"postcode\":\"\",\"country\":\"RU\",\"email\":\"knastnt@yandex.ru\",\"phone\":\"89243071504\"},\"shipping\":{\"first_name\":\"\\u043a\\u043e\\u0441\\u0442\\u044f\",\"last_name\":\"\",\"company\":\"\",\"address_1\":\"\\u044f \\u0432\\u0432\\u0451\\u043b \\u0430\\u0434\\u0440\\u0435\\u0441 \\u044c\",\"address_2\":\"\",\"city\":\"\",\"state\":\"\",\"postcode\":\"\",\"country\":\"RU\"},\"payment_method\":\"cod\",\"payment_method_title\":\"\\u041e\\u043f\\u043b\\u0430\\u0442\\u0430 \\u043f\\u0440\\u0438 \\u0434\\u043e\\u0441\\u0442\\u0430\\u0432\\u043a\\u0435\",\"transaction_id\":\"\",\"date_paid\":\"2019-01-16T23:29:26\",\"date_paid_gmt\":\"2019-01-16T13:29:26\",\"date_completed\":\"2019-01-16T23:29:26\",\"date_completed_gmt\":\"2019-01-16T13:29:26\",\"cart_hash\":\"75e0cf8f41efa78bcd1ada84540695ba\",\"meta_data\":[{\"id\":2110,\"key\":\"_wcpdf_invoice_settings\",\"value\":{\"enabled\":\"1\",\"attach_to_email_ids\":{\"customer_completed_order\":\"1\",\"wc_order_status_email_131\":\"1\"},\"display_shipping_address\":\"1\",\"display_email\":\"1\",\"display_phone\":\"1\",\"display_date\":\"invoice_date\",\"display_number\":\"invoice_number\",\"number_format\":{\"prefix\":\"\",\"suffix\":\"\",\"padding\":\"\"},\"my_account_buttons\":\"custom\",\"my_account_restrict\":{\"cooking\":\"1\",\"ready-delivery\":\"1\",\"ready-self-out\":\"1\",\"completed\":\"1\"},\"paper_size\":\"a4\",\"font_subsetting\":false,\"header_logo\":\"\",\"shop_name\":{\"default\":\"Roll Box\"},\"shop_address\":{\"default\":\"\\u043f\\u0440.\\u041c\\u0438\\u0440\\u0430, 29\"},\"footer\":\"\",\"extra_1\":\"\",\"extra_2\":\"\",\"extra_3\":\"\"}},{\"id\":2111,\"key\":\"_wcpdf_invoice_date\",\"value\":\"1547018410\"},{\"id\":2112,\"key\":\"_wcpdf_invoice_date_formatted\",\"value\":\"2019-01-09 17:20:10\"},{\"id\":2113,\"key\":\"_wcpdf_invoice_number\",\"value\":\"20\"},{\"id\":2114,\"key\":\"_wcpdf_invoice_number_data\",\"value\":{\"number\":20,\"formatted_number\":\"20\",\"prefix\":\"\",\"suffix\":\"\",\"document_type\":\"invoice\",\"order_id\":140,\"padding\":\"\"}}],\"line_items\":[{\"id\":63,\"name\":\"\\u0420\\u043e\\u043b\\u043b \\u0441 \\u0443\\u0433\\u0440\\u0435\\u043c\",\"product_id\":13,\"variation_id\":0,\"quantity\":1,\"tax_class\":\"\",\"subtotal\":\"159.00\",\"subtotal_tax\":\"0.00\",\"total\":\"159.00\",\"total_tax\":\"0.00\",\"taxes\":[],\"meta_data\":[],\"sku\":\"\",\"price\":159}],\"tax_lines\":[],\"shipping_lines\":[{\"id\":64,\"method_title\":\"\\u0421\\u0430\\u043c\\u043e\\u0432\\u044b\\u0432\\u043e\\u0437\",\"method_id\":\"local_pickup\",\"instance_id\":\"5\",\"total\":\"0.00\",\"total_tax\":\"0.00\",\"taxes\":[],\"meta_data\":[{\"id\":458,\"key\":\"\\u041f\\u043e\\u0437\\u0438\\u0446\\u0438\\u0438\",\"value\":\"\\u0420\\u043e\\u043b\\u043b \\u0441 \\u0443\\u0433\\u0440\\u0435\\u043c &times; 1\"}]}],\"fee_lines\":[],\"coupon_lines\":[],\"refunds\":[]}
            [Response] => Array
                (
                    [Code] => 200
                    [Message] => OK
                    [Headers] => Requests_Utility_CaseInsensitiveDictionary Object
                        (
                            [data:protected] => Array
                                (
                                    [server] => nginx/1.12.2
                                    [date] => Wed, 16 Jan 2019 13:29:36 GMT
                                    [content-type] => text/html; charset=UTF-8
                                    [x-powered-by] => PHP/7.2.14
                                )

                        )

                    [Body] => look at <a href="/reciver.txt">po365.ru/reciver.txt</a>
                )

        )

)

